<?xml version="1.0" encoding="UTF-8"?>
<!-- Generated by org.testng.reporters.JUnitReportReporter -->
<testsuite hostname="DEL1-LHP-40761" name="testCases.SimpleForDemo" tests="1" failures="0" timestamp="15 Nov 2017 20:27:04 GMT" time="10.155" errors="0">
  <testcase name="checkElement" time="10.155" classname="testCases.SimpleForDemo"/>
</testsuite> <!-- testCases.SimpleForDemo -->
